
Gurobi 7.0.2 (mac64, Python) logging started Wed Apr 12 14:23:57 2017


Gurobi 7.0.2 (mac64, Python) logging started Wed Apr 12 14:23:57 2017


Gurobi 7.0.2 (mac64, Python) logging started Wed Apr 12 14:23:57 2017


Gurobi 7.0.2 (mac64, Python) logging started Wed Apr 12 14:23:57 2017


Gurobi 7.0.2 (mac64, Python) logging started Wed Apr 12 14:23:57 2017


Gurobi 7.0.2 (mac64, Python) logging started Wed Apr 12 14:23:57 2017


Gurobi 7.0.2 (mac64, Python) logging started Wed Apr 12 14:23:57 2017


Gurobi 7.0.2 (mac64, Python) logging started Wed Apr 12 14:23:57 2017


Gurobi 7.0.2 (mac64, Python) logging started Wed Apr 12 14:23:57 2017


Gurobi 7.0.2 (mac64, Python) logging started Wed Apr 12 14:23:57 2017


Gurobi 7.0.2 (mac64, Python) logging started Wed Apr 12 14:23:57 2017


Gurobi 7.0.2 (mac64, Python) logging started Wed Apr 12 14:23:57 2017


Gurobi 7.0.2 (mac64, Python) logging started Wed Apr 12 14:23:57 2017


Gurobi 7.0.2 (mac64, Python) logging started Wed Apr 12 14:23:57 2017


Gurobi 7.0.2 (mac64, Python) logging started Wed Apr 12 14:23:57 2017


Gurobi 7.0.2 (mac64, Python) logging started Wed Apr 12 14:23:57 2017


Gurobi 7.0.2 (mac64, Python) logging started Wed Apr 12 14:23:57 2017


Gurobi 7.0.2 (mac64, Python) logging started Wed Apr 12 14:23:57 2017


Gurobi 7.0.2 (mac64, Python) logging started Wed Apr 12 14:23:57 2017


Gurobi 7.0.2 (mac64, Python) logging started Wed Apr 12 14:23:57 2017


Gurobi 7.0.2 (mac64, Python) logging started Wed Apr 12 14:23:57 2017


Gurobi 7.0.2 (mac64, Python) logging started Wed Apr 12 14:23:57 2017


Gurobi 7.0.2 (mac64, Python) logging started Wed Apr 12 14:23:57 2017


Gurobi 7.0.2 (mac64, Python) logging started Wed Apr 12 14:23:57 2017


Gurobi 7.0.2 (mac64, Python) logging started Wed Apr 12 14:23:57 2017


Gurobi 7.0.2 (mac64, Python) logging started Wed Apr 12 14:23:57 2017


Gurobi 7.0.2 (mac64, Python) logging started Wed Apr 12 14:23:57 2017


Gurobi 7.0.2 (mac64, Python) logging started Wed Apr 12 14:23:57 2017


Gurobi 7.0.2 (mac64, Python) logging started Wed Apr 12 14:23:57 2017


Gurobi 7.0.2 (mac64, Python) logging started Wed Apr 12 14:23:57 2017


Gurobi 7.0.2 (mac64, Python) logging started Wed Apr 12 14:23:57 2017


Gurobi 7.0.2 (mac64, Python) logging started Wed Apr 12 14:23:57 2017


Gurobi 7.0.2 (mac64, Python) logging started Wed Apr 12 14:23:57 2017


Gurobi 7.0.2 (mac64, Python) logging started Wed Apr 12 14:23:57 2017


Gurobi 7.0.2 (mac64, Python) logging started Wed Apr 12 14:23:57 2017


Gurobi 7.0.2 (mac64, Python) logging started Wed Apr 12 14:23:57 2017


Gurobi 7.0.2 (mac64, Python) logging started Wed Apr 12 14:23:57 2017


Gurobi 7.0.2 (mac64, Python) logging started Wed Apr 12 14:23:57 2017


Gurobi 7.0.2 (mac64, Python) logging started Wed Apr 12 14:23:57 2017


Gurobi 7.0.2 (mac64, Python) logging started Wed Apr 12 14:23:57 2017


Gurobi 7.0.2 (mac64, Python) logging started Wed Apr 12 14:23:57 2017


Gurobi 7.0.2 (mac64, Python) logging started Wed Apr 12 14:23:57 2017


Gurobi 7.0.2 (mac64, Python) logging started Wed Apr 12 14:23:57 2017


Gurobi 7.0.2 (mac64, Python) logging started Wed Apr 12 14:23:57 2017


Gurobi 7.0.2 (mac64, Python) logging started Wed Apr 12 14:23:57 2017


Gurobi 7.0.2 (mac64, Python) logging started Wed Apr 12 14:23:57 2017


Gurobi 7.0.2 (mac64, Python) logging started Wed Apr 12 14:23:57 2017


Gurobi 7.0.2 (mac64, Python) logging started Wed Apr 12 14:23:57 2017


Gurobi 7.0.2 (mac64, Python) logging started Wed Apr 12 15:03:53 2017


Gurobi 7.0.2 (mac64, Python) logging started Wed Apr 12 15:04:00 2017


Gurobi 7.0.2 (mac64, Python) logging started Tue Apr 18 16:25:15 2017


Gurobi 7.0.2 (mac64, Python) logging started Tue Apr 18 16:26:23 2017


Gurobi 7.0.2 (mac64, Python) logging started Tue Apr 18 17:10:05 2017


Gurobi 7.0.2 (mac64, Python) logging started Tue Apr 18 17:49:43 2017


Gurobi 7.0.2 (mac64, Python) logging started Tue Apr 18 17:49:51 2017


Gurobi 7.0.2 (mac64, Python) logging started Tue Apr 18 17:55:15 2017


Gurobi 7.0.2 (mac64, Python) logging started Tue Apr 18 18:08:57 2017


Gurobi 7.0.2 (mac64, Python) logging started Tue Apr 18 18:11:55 2017


Gurobi 7.0.2 (mac64, Python) logging started Tue Apr 18 18:13:30 2017


Gurobi 7.0.2 (mac64, Python) logging started Tue Apr 18 18:17:53 2017


Gurobi 7.0.2 (mac64, Python) logging started Tue Apr 18 18:19:00 2017


Gurobi 7.0.2 (mac64, Python) logging started Tue Apr 18 18:20:38 2017


Gurobi 7.0.2 (mac64, Python) logging started Tue Apr 18 18:45:10 2017


Gurobi 7.0.2 (mac64, Python) logging started Tue Apr 18 18:46:16 2017


Gurobi 7.0.2 (mac64, Python) logging started Tue Apr 18 19:13:43 2017


Gurobi 7.0.2 (mac64, Python) logging started Tue Apr 18 19:14:52 2017


Gurobi 7.0.2 (mac64, Python) logging started Tue Apr 18 19:16:19 2017


Gurobi 7.0.2 (mac64, Python) logging started Tue Apr 18 19:21:24 2017


Gurobi 7.0.2 (mac64, Python) logging started Tue Apr 18 19:23:55 2017


Gurobi 7.0.2 (mac64, Python) logging started Tue Apr 18 20:50:04 2017


Gurobi 7.0.2 (mac64, Python) logging started Tue Apr 18 20:50:04 2017


Gurobi 7.0.2 (mac64, Python) logging started Tue Apr 18 20:50:04 2017


Gurobi 7.0.2 (mac64, Python) logging started Tue Apr 18 20:50:04 2017


Gurobi 7.0.2 (mac64, Python) logging started Tue Apr 18 20:50:04 2017


Gurobi 7.0.2 (mac64, Python) logging started Tue Apr 18 20:50:04 2017


Gurobi 7.0.2 (mac64, Python) logging started Tue Apr 18 20:50:04 2017


Gurobi 7.0.2 (mac64, Python) logging started Tue Apr 18 20:50:04 2017


Gurobi 7.0.2 (mac64, Python) logging started Tue Apr 18 20:50:04 2017


Gurobi 7.0.2 (mac64, Python) logging started Tue Apr 18 20:50:04 2017


Gurobi 7.0.2 (mac64, Python) logging started Tue Apr 18 20:50:04 2017


Gurobi 7.0.2 (mac64, Python) logging started Tue Apr 18 20:50:04 2017


Gurobi 7.0.2 (mac64, Python) logging started Tue Apr 18 20:50:04 2017


Gurobi 7.0.2 (mac64, Python) logging started Tue Apr 18 20:50:04 2017


Gurobi 7.0.2 (mac64, Python) logging started Tue Apr 18 20:50:04 2017


Gurobi 7.0.2 (mac64, Python) logging started Tue Apr 18 20:50:04 2017


Gurobi 7.0.2 (mac64, Python) logging started Tue Apr 18 20:50:04 2017


Gurobi 7.0.2 (mac64, Python) logging started Tue Apr 18 20:50:04 2017


Gurobi 7.0.2 (mac64, Python) logging started Tue Apr 18 20:50:04 2017


Gurobi 7.0.2 (mac64, Python) logging started Tue Apr 18 20:50:04 2017


Gurobi 7.0.2 (mac64, Python) logging started Tue Apr 18 20:50:04 2017


Gurobi 7.0.2 (mac64, Python) logging started Tue Apr 18 20:50:04 2017


Gurobi 7.0.2 (mac64, Python) logging started Tue Apr 18 20:50:04 2017


Gurobi 7.0.2 (mac64, Python) logging started Tue Apr 18 20:50:04 2017


Gurobi 7.0.2 (mac64, Python) logging started Tue Apr 18 20:50:04 2017


Gurobi 7.0.2 (mac64, Python) logging started Tue Apr 18 20:50:04 2017


Gurobi 7.0.2 (mac64, Python) logging started Tue Apr 18 20:50:04 2017


Gurobi 7.0.2 (mac64, Python) logging started Tue Apr 18 20:50:04 2017


Gurobi 7.0.2 (mac64, Python) logging started Tue Apr 18 20:50:04 2017


Gurobi 7.0.2 (mac64, Python) logging started Tue Apr 18 20:50:04 2017


Gurobi 7.0.2 (mac64, Python) logging started Tue Apr 18 20:50:04 2017


Gurobi 7.0.2 (mac64, Python) logging started Tue Apr 18 20:50:04 2017


Gurobi 7.0.2 (mac64, Python) logging started Tue Apr 18 20:50:04 2017


Gurobi 7.0.2 (mac64, Python) logging started Tue Apr 18 20:50:04 2017


Gurobi 7.0.2 (mac64, Python) logging started Tue Apr 18 20:50:04 2017


Gurobi 7.0.2 (mac64, Python) logging started Tue Apr 18 20:50:04 2017


Gurobi 7.0.2 (mac64, Python) logging started Tue Apr 18 20:50:04 2017


Gurobi 7.0.2 (mac64, Python) logging started Tue Apr 18 20:50:04 2017


Gurobi 7.0.2 (mac64, Python) logging started Tue Apr 18 20:50:04 2017


Gurobi 7.0.2 (mac64, Python) logging started Tue Apr 18 20:50:04 2017


Gurobi 7.0.2 (mac64, Python) logging started Tue Apr 18 20:50:04 2017


Gurobi 7.0.2 (mac64, Python) logging started Tue Apr 18 20:50:04 2017


Gurobi 7.0.2 (mac64, Python) logging started Tue Apr 18 20:50:04 2017


Gurobi 7.0.2 (mac64, Python) logging started Tue Apr 18 20:50:04 2017


Gurobi 7.0.2 (mac64, Python) logging started Tue Apr 18 20:50:04 2017


Gurobi 7.0.2 (mac64, Python) logging started Tue Apr 18 20:50:04 2017


Gurobi 7.0.2 (mac64, Python) logging started Tue Apr 18 20:50:04 2017


Gurobi 7.0.2 (mac64, Python) logging started Tue Apr 18 20:50:04 2017


Gurobi 7.0.2 (mac64, Python) logging started Tue Apr 18 20:50:24 2017


Gurobi 7.0.2 (mac64, Python) logging started Tue Apr 18 20:50:24 2017


Gurobi 7.0.2 (mac64, Python) logging started Tue Apr 18 20:50:24 2017


Gurobi 7.0.2 (mac64, Python) logging started Tue Apr 18 20:50:24 2017


Gurobi 7.0.2 (mac64, Python) logging started Tue Apr 18 20:50:24 2017


Gurobi 7.0.2 (mac64, Python) logging started Tue Apr 18 20:50:24 2017


Gurobi 7.0.2 (mac64, Python) logging started Tue Apr 18 20:50:24 2017


Gurobi 7.0.2 (mac64, Python) logging started Tue Apr 18 20:50:24 2017


Gurobi 7.0.2 (mac64, Python) logging started Tue Apr 18 20:50:24 2017


Gurobi 7.0.2 (mac64, Python) logging started Tue Apr 18 20:50:24 2017


Gurobi 7.0.2 (mac64, Python) logging started Tue Apr 18 20:50:24 2017


Gurobi 7.0.2 (mac64, Python) logging started Tue Apr 18 20:50:24 2017


Gurobi 7.0.2 (mac64, Python) logging started Tue Apr 18 20:50:24 2017


Gurobi 7.0.2 (mac64, Python) logging started Tue Apr 18 20:50:24 2017


Gurobi 7.0.2 (mac64, Python) logging started Tue Apr 18 20:50:24 2017


Gurobi 7.0.2 (mac64, Python) logging started Tue Apr 18 20:50:24 2017


Gurobi 7.0.2 (mac64, Python) logging started Tue Apr 18 20:50:24 2017


Gurobi 7.0.2 (mac64, Python) logging started Tue Apr 18 20:50:24 2017


Gurobi 7.0.2 (mac64, Python) logging started Tue Apr 18 20:50:24 2017


Gurobi 7.0.2 (mac64, Python) logging started Tue Apr 18 20:50:24 2017


Gurobi 7.0.2 (mac64, Python) logging started Tue Apr 18 20:50:24 2017


Gurobi 7.0.2 (mac64, Python) logging started Tue Apr 18 20:50:24 2017


Gurobi 7.0.2 (mac64, Python) logging started Tue Apr 18 20:50:24 2017


Gurobi 7.0.2 (mac64, Python) logging started Tue Apr 18 20:50:24 2017


Gurobi 7.0.2 (mac64, Python) logging started Tue Apr 18 20:50:24 2017


Gurobi 7.0.2 (mac64, Python) logging started Tue Apr 18 20:50:24 2017


Gurobi 7.0.2 (mac64, Python) logging started Tue Apr 18 20:50:24 2017


Gurobi 7.0.2 (mac64, Python) logging started Tue Apr 18 20:50:24 2017


Gurobi 7.0.2 (mac64, Python) logging started Tue Apr 18 20:50:24 2017


Gurobi 7.0.2 (mac64, Python) logging started Tue Apr 18 20:50:24 2017


Gurobi 7.0.2 (mac64, Python) logging started Tue Apr 18 20:50:24 2017


Gurobi 7.0.2 (mac64, Python) logging started Tue Apr 18 20:50:24 2017


Gurobi 7.0.2 (mac64, Python) logging started Tue Apr 18 20:50:24 2017


Gurobi 7.0.2 (mac64, Python) logging started Tue Apr 18 20:50:24 2017


Gurobi 7.0.2 (mac64, Python) logging started Tue Apr 18 20:50:24 2017


Gurobi 7.0.2 (mac64, Python) logging started Tue Apr 18 20:50:24 2017


Gurobi 7.0.2 (mac64, Python) logging started Tue Apr 18 20:50:24 2017


Gurobi 7.0.2 (mac64, Python) logging started Tue Apr 18 20:50:24 2017


Gurobi 7.0.2 (mac64, Python) logging started Tue Apr 18 20:50:24 2017


Gurobi 7.0.2 (mac64, Python) logging started Tue Apr 18 20:50:24 2017


Gurobi 7.0.2 (mac64, Python) logging started Tue Apr 18 20:50:24 2017


Gurobi 7.0.2 (mac64, Python) logging started Tue Apr 18 20:50:24 2017


Gurobi 7.0.2 (mac64, Python) logging started Tue Apr 18 20:50:24 2017


Gurobi 7.0.2 (mac64, Python) logging started Tue Apr 18 20:50:24 2017


Gurobi 7.0.2 (mac64, Python) logging started Tue Apr 18 20:50:24 2017


Gurobi 7.0.2 (mac64, Python) logging started Tue Apr 18 20:50:24 2017


Gurobi 7.0.2 (mac64, Python) logging started Tue Apr 18 20:50:24 2017


Gurobi 7.0.2 (mac64, Python) logging started Tue Apr 18 20:50:24 2017


Gurobi 7.0.2 (mac64, Python) logging started Tue Apr 18 20:50:55 2017


Gurobi 7.0.2 (mac64, Python) logging started Tue Apr 18 20:51:03 2017


Gurobi 7.0.2 (mac64, Python) logging started Tue Apr 18 20:51:03 2017


Gurobi 7.0.2 (mac64, Python) logging started Tue Apr 18 20:51:03 2017


Gurobi 7.0.2 (mac64, Python) logging started Tue Apr 18 20:51:03 2017


Gurobi 7.0.2 (mac64, Python) logging started Tue Apr 18 20:51:03 2017


Gurobi 7.0.2 (mac64, Python) logging started Tue Apr 18 20:51:03 2017


Gurobi 7.0.2 (mac64, Python) logging started Tue Apr 18 20:51:03 2017


Gurobi 7.0.2 (mac64, Python) logging started Tue Apr 18 20:51:03 2017


Gurobi 7.0.2 (mac64, Python) logging started Tue Apr 18 20:51:03 2017


Gurobi 7.0.2 (mac64, Python) logging started Tue Apr 18 20:51:03 2017


Gurobi 7.0.2 (mac64, Python) logging started Tue Apr 18 20:51:03 2017


Gurobi 7.0.2 (mac64, Python) logging started Tue Apr 18 20:51:03 2017


Gurobi 7.0.2 (mac64, Python) logging started Tue Apr 18 20:51:03 2017


Gurobi 7.0.2 (mac64, Python) logging started Tue Apr 18 20:51:03 2017


Gurobi 7.0.2 (mac64, Python) logging started Tue Apr 18 20:51:03 2017


Gurobi 7.0.2 (mac64, Python) logging started Tue Apr 18 20:51:03 2017


Gurobi 7.0.2 (mac64, Python) logging started Tue Apr 18 20:51:03 2017


Gurobi 7.0.2 (mac64, Python) logging started Tue Apr 18 20:51:03 2017


Gurobi 7.0.2 (mac64, Python) logging started Tue Apr 18 20:51:03 2017


Gurobi 7.0.2 (mac64, Python) logging started Tue Apr 18 20:51:03 2017


Gurobi 7.0.2 (mac64, Python) logging started Tue Apr 18 20:51:03 2017


Gurobi 7.0.2 (mac64, Python) logging started Tue Apr 18 20:51:03 2017


Gurobi 7.0.2 (mac64, Python) logging started Tue Apr 18 20:51:03 2017


Gurobi 7.0.2 (mac64, Python) logging started Tue Apr 18 20:51:03 2017


Gurobi 7.0.2 (mac64, Python) logging started Tue Apr 18 20:51:03 2017


Gurobi 7.0.2 (mac64, Python) logging started Tue Apr 18 20:51:03 2017


Gurobi 7.0.2 (mac64, Python) logging started Tue Apr 18 20:51:03 2017


Gurobi 7.0.2 (mac64, Python) logging started Tue Apr 18 20:51:03 2017


Gurobi 7.0.2 (mac64, Python) logging started Tue Apr 18 20:51:03 2017


Gurobi 7.0.2 (mac64, Python) logging started Tue Apr 18 20:51:03 2017


Gurobi 7.0.2 (mac64, Python) logging started Tue Apr 18 20:51:03 2017


Gurobi 7.0.2 (mac64, Python) logging started Tue Apr 18 20:51:03 2017


Gurobi 7.0.2 (mac64, Python) logging started Tue Apr 18 20:51:03 2017


Gurobi 7.0.2 (mac64, Python) logging started Tue Apr 18 20:51:03 2017


Gurobi 7.0.2 (mac64, Python) logging started Tue Apr 18 20:51:03 2017


Gurobi 7.0.2 (mac64, Python) logging started Tue Apr 18 20:51:03 2017


Gurobi 7.0.2 (mac64, Python) logging started Tue Apr 18 20:51:03 2017


Gurobi 7.0.2 (mac64, Python) logging started Tue Apr 18 20:51:03 2017


Gurobi 7.0.2 (mac64, Python) logging started Tue Apr 18 20:51:03 2017


Gurobi 7.0.2 (mac64, Python) logging started Tue Apr 18 20:51:03 2017


Gurobi 7.0.2 (mac64, Python) logging started Tue Apr 18 20:51:03 2017


Gurobi 7.0.2 (mac64, Python) logging started Tue Apr 18 20:51:03 2017


Gurobi 7.0.2 (mac64, Python) logging started Tue Apr 18 20:51:03 2017


Gurobi 7.0.2 (mac64, Python) logging started Tue Apr 18 20:51:03 2017


Gurobi 7.0.2 (mac64, Python) logging started Tue Apr 18 20:51:03 2017


Gurobi 7.0.2 (mac64, Python) logging started Tue Apr 18 20:51:03 2017


Gurobi 7.0.2 (mac64, Python) logging started Tue Apr 18 20:51:03 2017


Gurobi 7.0.2 (mac64, Python) logging started Tue Apr 18 20:51:03 2017


Gurobi 7.0.2 (mac64, Python) logging started Tue Apr 18 20:51:15 2017


Gurobi 7.0.2 (mac64, Python) logging started Tue Apr 18 20:51:15 2017


Gurobi 7.0.2 (mac64, Python) logging started Tue Apr 18 20:51:15 2017


Gurobi 7.0.2 (mac64, Python) logging started Tue Apr 18 20:51:15 2017


Gurobi 7.0.2 (mac64, Python) logging started Tue Apr 18 20:51:15 2017


Gurobi 7.0.2 (mac64, Python) logging started Tue Apr 18 20:51:15 2017


Gurobi 7.0.2 (mac64, Python) logging started Tue Apr 18 20:51:15 2017


Gurobi 7.0.2 (mac64, Python) logging started Tue Apr 18 20:51:15 2017


Gurobi 7.0.2 (mac64, Python) logging started Tue Apr 18 20:51:15 2017


Gurobi 7.0.2 (mac64, Python) logging started Tue Apr 18 20:51:15 2017


Gurobi 7.0.2 (mac64, Python) logging started Tue Apr 18 20:51:15 2017


Gurobi 7.0.2 (mac64, Python) logging started Tue Apr 18 20:51:15 2017


Gurobi 7.0.2 (mac64, Python) logging started Tue Apr 18 20:51:15 2017


Gurobi 7.0.2 (mac64, Python) logging started Tue Apr 18 20:51:15 2017


Gurobi 7.0.2 (mac64, Python) logging started Tue Apr 18 20:51:15 2017


Gurobi 7.0.2 (mac64, Python) logging started Tue Apr 18 20:51:15 2017


Gurobi 7.0.2 (mac64, Python) logging started Tue Apr 18 20:51:15 2017


Gurobi 7.0.2 (mac64, Python) logging started Tue Apr 18 20:51:15 2017


Gurobi 7.0.2 (mac64, Python) logging started Tue Apr 18 20:51:15 2017


Gurobi 7.0.2 (mac64, Python) logging started Tue Apr 18 20:51:15 2017


Gurobi 7.0.2 (mac64, Python) logging started Tue Apr 18 20:51:15 2017


Gurobi 7.0.2 (mac64, Python) logging started Tue Apr 18 20:51:15 2017


Gurobi 7.0.2 (mac64, Python) logging started Tue Apr 18 20:51:15 2017


Gurobi 7.0.2 (mac64, Python) logging started Tue Apr 18 20:51:15 2017


Gurobi 7.0.2 (mac64, Python) logging started Tue Apr 18 20:51:15 2017


Gurobi 7.0.2 (mac64, Python) logging started Tue Apr 18 20:51:15 2017


Gurobi 7.0.2 (mac64, Python) logging started Tue Apr 18 20:51:15 2017


Gurobi 7.0.2 (mac64, Python) logging started Tue Apr 18 20:51:15 2017


Gurobi 7.0.2 (mac64, Python) logging started Tue Apr 18 20:51:15 2017


Gurobi 7.0.2 (mac64, Python) logging started Tue Apr 18 20:51:15 2017


Gurobi 7.0.2 (mac64, Python) logging started Tue Apr 18 20:51:15 2017


Gurobi 7.0.2 (mac64, Python) logging started Tue Apr 18 20:51:15 2017


Gurobi 7.0.2 (mac64, Python) logging started Tue Apr 18 20:51:15 2017


Gurobi 7.0.2 (mac64, Python) logging started Tue Apr 18 20:51:15 2017


Gurobi 7.0.2 (mac64, Python) logging started Tue Apr 18 20:51:15 2017


Gurobi 7.0.2 (mac64, Python) logging started Tue Apr 18 20:51:15 2017


Gurobi 7.0.2 (mac64, Python) logging started Tue Apr 18 20:51:15 2017


Gurobi 7.0.2 (mac64, Python) logging started Tue Apr 18 20:51:15 2017


Gurobi 7.0.2 (mac64, Python) logging started Tue Apr 18 20:51:15 2017


Gurobi 7.0.2 (mac64, Python) logging started Tue Apr 18 20:51:15 2017


Gurobi 7.0.2 (mac64, Python) logging started Tue Apr 18 20:51:15 2017


Gurobi 7.0.2 (mac64, Python) logging started Tue Apr 18 20:51:15 2017


Gurobi 7.0.2 (mac64, Python) logging started Tue Apr 18 20:51:15 2017


Gurobi 7.0.2 (mac64, Python) logging started Tue Apr 18 20:51:15 2017


Gurobi 7.0.2 (mac64, Python) logging started Tue Apr 18 20:51:15 2017


Gurobi 7.0.2 (mac64, Python) logging started Tue Apr 18 20:51:15 2017


Gurobi 7.0.2 (mac64, Python) logging started Tue Apr 18 20:51:15 2017


Gurobi 7.0.2 (mac64, Python) logging started Tue Apr 18 20:51:15 2017


Gurobi 7.0.2 (mac64, Python) logging started Tue Apr 18 21:00:03 2017


Gurobi 7.0.2 (mac64, Python) logging started Wed Apr 19 09:43:59 2017


Gurobi 7.0.2 (mac64, Python) logging started Wed Apr 19 09:52:41 2017


Gurobi 7.0.2 (mac64, Python) logging started Wed Apr 19 09:55:04 2017


Gurobi 7.0.2 (mac64, Python) logging started Wed Apr 19 09:55:26 2017


Gurobi 7.0.2 (mac64, Python) logging started Wed Apr 19 09:57:19 2017


Gurobi 7.0.2 (mac64, Python) logging started Wed Apr 19 09:58:27 2017


Gurobi 7.0.2 (mac64, Python) logging started Wed Apr 19 09:58:46 2017


Gurobi 7.0.2 (mac64, Python) logging started Wed Apr 19 09:59:21 2017


Gurobi 7.0.2 (mac64, Python) logging started Wed Apr 19 10:02:25 2017


Gurobi 7.0.2 (mac64, Python) logging started Wed Apr 19 10:09:39 2017


Gurobi 7.0.2 (mac64, Python) logging started Wed Apr 19 10:26:12 2017


Gurobi 7.0.2 (mac64, Python) logging started Wed Apr 19 11:15:14 2017


Gurobi 7.0.2 (mac64, Python) logging started Wed Apr 19 11:16:19 2017


Gurobi 7.0.2 (mac64, Python) logging started Wed Apr 19 11:17:38 2017


Gurobi 7.0.2 (mac64, Python) logging started Wed Apr 19 11:17:49 2017


Gurobi 7.0.2 (mac64, Python) logging started Wed Apr 19 11:19:29 2017


Gurobi 7.0.2 (mac64, Python) logging started Wed Apr 19 11:19:37 2017


Gurobi 7.0.2 (mac64, Python) logging started Wed Apr 19 11:20:06 2017


Gurobi 7.0.2 (mac64, Python) logging started Wed Apr 19 11:27:09 2017


Gurobi 7.0.2 (mac64, Python) logging started Wed Apr 19 11:28:30 2017


Gurobi 7.0.2 (mac64, Python) logging started Wed Apr 19 11:45:14 2017


Gurobi 7.0.2 (mac64, Python) logging started Wed Apr 19 11:45:35 2017


Gurobi 7.0.2 (mac64, Python) logging started Wed Apr 19 11:46:32 2017


Gurobi 7.0.2 (mac64, Python) logging started Wed Apr 19 11:47:30 2017


Gurobi 7.0.2 (mac64, Python) logging started Wed Apr 19 11:51:18 2017


Gurobi 7.0.2 (mac64, Python) logging started Wed Apr 19 11:51:27 2017


Gurobi 7.0.2 (mac64, Python) logging started Wed Apr 19 12:06:35 2017


Gurobi 7.0.2 (mac64, Python) logging started Wed Apr 19 12:06:57 2017


Gurobi 7.0.2 (mac64, Python) logging started Wed Apr 19 12:07:24 2017


Gurobi 7.0.2 (mac64, Python) logging started Wed Apr 19 12:08:40 2017


Gurobi 7.0.2 (mac64, Python) logging started Wed Apr 19 12:09:01 2017


Gurobi 7.0.2 (mac64, Python) logging started Wed Apr 19 13:44:27 2017


Gurobi 7.0.2 (mac64, Python) logging started Wed Apr 19 13:45:56 2017


Gurobi 7.0.2 (mac64, Python) logging started Wed Apr 19 13:46:09 2017


Gurobi 7.0.2 (mac64, Python) logging started Wed Apr 19 13:46:45 2017


Gurobi 7.0.2 (mac64, Python) logging started Wed Apr 19 13:47:24 2017


Gurobi 7.0.2 (mac64, Python) logging started Wed Apr 19 13:51:02 2017


Gurobi 7.0.2 (mac64, Python) logging started Wed Apr 19 13:52:07 2017


Gurobi 7.0.2 (mac64, Python) logging started Wed Apr 19 13:53:24 2017


Gurobi 7.0.2 (mac64, Python) logging started Wed Apr 19 13:55:08 2017


Gurobi 7.0.2 (mac64, Python) logging started Wed Apr 19 14:32:20 2017


Gurobi 7.0.2 (mac64, Python) logging started Wed Apr 19 14:33:49 2017


Gurobi 7.0.2 (mac64, Python) logging started Wed Apr 19 14:35:04 2017


Gurobi 7.0.2 (mac64, Python) logging started Wed Apr 19 14:35:50 2017


Gurobi 7.0.2 (mac64, Python) logging started Wed Apr 19 14:36:10 2017


Gurobi 7.0.2 (mac64, Python) logging started Wed Apr 19 14:36:57 2017


Gurobi 7.0.2 (mac64, Python) logging started Wed Apr 19 14:51:39 2017


Gurobi 7.0.2 (mac64, Python) logging started Wed Apr 19 17:51:35 2017


Gurobi 7.0.2 (mac64, Python) logging started Thu Apr 20 12:05:12 2017


Gurobi 7.0.2 (mac64, Python) logging started Thu Apr 20 12:05:47 2017


Gurobi 7.0.2 (mac64, Python) logging started Thu Apr 20 12:06:31 2017


Gurobi 7.0.2 (mac64, Python) logging started Thu Apr 20 12:08:48 2017


Gurobi 7.0.2 (mac64, Python) logging started Tue Apr 25 13:47:23 2017


Gurobi 7.0.2 (mac64, Python) logging started Tue Apr 25 14:22:52 2017


Gurobi 7.0.2 (mac64, Python) logging started Tue Apr 25 16:05:13 2017


Gurobi 7.0.2 (mac64, Python) logging started Tue Apr 25 16:06:08 2017


Gurobi 7.0.2 (mac64, Python) logging started Tue Apr 25 17:49:18 2017


Gurobi 7.0.2 (mac64, Python) logging started Tue Apr 25 17:50:25 2017


Gurobi 7.0.2 (mac64, Python) logging started Tue Apr 25 17:51:13 2017


Gurobi 7.0.2 (mac64, Python) logging started Tue Apr 25 17:51:38 2017


Gurobi 7.0.2 (mac64, Python) logging started Wed Apr 26 09:37:04 2017


Gurobi 7.0.2 (mac64, Python) logging started Wed Apr 26 09:37:09 2017


Gurobi 7.0.2 (mac64, Python) logging started Wed Apr 26 09:38:03 2017


Gurobi 7.0.2 (mac64, Python) logging started Wed Apr 26 09:38:08 2017


Gurobi 7.0.2 (mac64, Python) logging started Wed Apr 26 09:38:12 2017


Gurobi 7.0.2 (mac64, Python) logging started Wed Apr 26 09:38:23 2017


Gurobi 7.0.2 (mac64, Python) logging started Wed Apr 26 09:38:32 2017


Gurobi 7.0.2 (mac64, Python) logging started Wed Apr 26 09:39:45 2017


Gurobi 7.0.2 (mac64, Python) logging started Wed Apr 26 09:43:50 2017


Gurobi 7.0.2 (mac64, Python) logging started Wed Apr 26 09:43:58 2017


Gurobi 7.0.2 (mac64, Python) logging started Wed Apr 26 09:44:48 2017


Gurobi 7.0.2 (mac64, Python) logging started Wed Apr 26 09:46:13 2017


Gurobi 7.0.2 (mac64, Python) logging started Wed Apr 26 09:47:08 2017


Gurobi 7.0.2 (mac64, Python) logging started Wed Apr 26 09:47:16 2017


Gurobi 7.0.2 (mac64, Python) logging started Wed Apr 26 09:47:29 2017


Gurobi 7.0.2 (mac64, Python) logging started Wed Apr 26 09:49:26 2017


Gurobi 7.0.2 (mac64, Python) logging started Wed Apr 26 09:50:00 2017


Gurobi 7.0.2 (mac64, Python) logging started Wed Apr 26 09:50:07 2017


Gurobi 7.0.2 (mac64, Python) logging started Wed Apr 26 09:50:11 2017


Gurobi 7.0.2 (mac64, Python) logging started Wed Apr 26 09:50:33 2017


Gurobi 7.0.2 (mac64, Python) logging started Wed Apr 26 09:50:45 2017


Gurobi 7.0.2 (mac64, Python) logging started Wed Apr 26 09:50:56 2017


Gurobi 7.0.2 (mac64, Python) logging started Wed Apr 26 09:51:32 2017


Gurobi 7.0.2 (mac64, Python) logging started Wed Apr 26 09:52:16 2017


Gurobi 7.0.2 (mac64, Python) logging started Wed Apr 26 09:59:27 2017


Gurobi 7.0.2 (mac64, Python) logging started Wed Apr 26 10:55:24 2017


Gurobi 7.0.2 (mac64, Python) logging started Wed Apr 26 11:01:57 2017


Gurobi 7.0.2 (mac64, Python) logging started Wed Apr 26 11:02:50 2017


Gurobi 7.0.2 (mac64, Python) logging started Wed Apr 26 11:10:15 2017


Gurobi 7.0.2 (mac64, Python) logging started Wed Apr 26 11:10:42 2017


Gurobi 7.0.2 (mac64, Python) logging started Wed Apr 26 14:33:35 2017


Gurobi 7.0.2 (mac64, Python) logging started Wed Apr 26 14:34:19 2017


Gurobi 7.0.2 (mac64, Python) logging started Wed Apr 26 14:34:47 2017


Gurobi 7.0.2 (mac64, Python) logging started Wed Apr 26 14:36:19 2017


Gurobi 7.0.2 (mac64, Python) logging started Wed Apr 26 14:36:27 2017


Gurobi 7.0.2 (mac64, Python) logging started Wed Apr 26 14:37:00 2017


Gurobi 7.0.2 (mac64, Python) logging started Wed Apr 26 14:39:58 2017


Gurobi 7.0.2 (mac64, Python) logging started Wed Apr 26 14:41:02 2017


Gurobi 7.0.2 (mac64, Python) logging started Wed Apr 26 16:26:05 2017


Gurobi 7.0.2 (mac64, Python) logging started Wed Apr 26 16:39:43 2017


Gurobi 7.0.2 (mac64, Python) logging started Wed Apr 26 17:01:15 2017


Gurobi 7.0.2 (mac64, Python) logging started Wed Apr 26 17:05:13 2017


Gurobi 7.0.2 (mac64, Python) logging started Thu Apr 27 11:13:07 2017


Gurobi 7.0.2 (mac64, Python) logging started Thu Apr 27 11:14:35 2017


Gurobi 7.0.2 (mac64, Python) logging started Thu Apr 27 11:18:06 2017


Gurobi 7.0.2 (mac64, Python) logging started Thu Apr 27 11:43:51 2017


Gurobi 7.0.2 (mac64, Python) logging started Thu Apr 27 12:09:10 2017


Gurobi 7.0.2 (mac64, Python) logging started Thu Apr 27 12:19:48 2017


Gurobi 7.0.2 (mac64, Python) logging started Thu Apr 27 12:22:10 2017


Gurobi 7.0.2 (mac64, Python) logging started Thu Apr 27 15:25:58 2017


Gurobi 7.0.2 (mac64, Python) logging started Thu Apr 27 15:26:27 2017


Gurobi 7.0.2 (mac64, Python) logging started Thu Apr 27 15:28:32 2017


Gurobi 7.0.2 (mac64, Python) logging started Thu Apr 27 15:29:19 2017


Gurobi 7.0.2 (mac64, Python) logging started Thu Apr 27 15:29:50 2017


Gurobi 7.0.2 (mac64, Python) logging started Thu Apr 27 15:30:47 2017


Gurobi 7.0.2 (mac64, Python) logging started Thu Apr 27 15:43:37 2017


Gurobi 7.0.2 (mac64, Python) logging started Thu Apr 27 15:43:52 2017


Gurobi 7.0.2 (mac64, Python) logging started Thu Apr 27 15:44:41 2017


Gurobi 7.0.2 (mac64, Python) logging started Thu Apr 27 15:45:21 2017


Gurobi 7.0.2 (mac64, Python) logging started Thu Apr 27 15:47:41 2017


Gurobi 7.0.2 (mac64, Python) logging started Thu Apr 27 22:01:42 2017


Gurobi 7.0.2 (mac64, Python) logging started Thu Apr 27 22:01:55 2017


Gurobi 7.0.2 (mac64, Python) logging started Thu Apr 27 22:02:03 2017


Gurobi 7.0.2 (mac64, Python) logging started Thu Apr 27 22:02:43 2017


Gurobi 7.0.2 (mac64, Python) logging started Thu Apr 27 22:02:51 2017


Gurobi 7.0.2 (mac64, Python) logging started Thu Apr 27 22:03:03 2017


Gurobi 7.0.2 (mac64, Python) logging started Thu Apr 27 22:03:30 2017


Gurobi 7.0.2 (mac64, Python) logging started Thu Apr 27 22:03:34 2017


Gurobi 7.0.2 (mac64, Python) logging started Thu Apr 27 22:05:10 2017


Gurobi 7.0.2 (mac64, Python) logging started Fri Apr 28 12:12:06 2017


Gurobi 7.0.2 (mac64, Python) logging started Fri Apr 28 12:18:41 2017


Gurobi 7.0.2 (mac64, Python) logging started Fri Apr 28 12:19:56 2017


Gurobi 7.0.2 (mac64, Python) logging started Fri Apr 28 12:21:18 2017


Gurobi 7.0.2 (mac64, Python) logging started Fri Apr 28 12:24:07 2017


Gurobi 7.0.2 (mac64, Python) logging started Fri Apr 28 12:29:37 2017


Gurobi 7.0.2 (mac64, Python) logging started Fri Apr 28 12:30:56 2017


Gurobi 7.0.2 (mac64, Python) logging started Fri Apr 28 12:31:19 2017


Gurobi 7.0.2 (mac64, Python) logging started Fri Apr 28 12:37:32 2017


Gurobi 7.0.2 (mac64, Python) logging started Fri Apr 28 12:38:30 2017


Gurobi 7.0.2 (mac64, Python) logging started Fri Apr 28 12:39:07 2017


Gurobi 7.0.2 (mac64, Python) logging started Fri Apr 28 12:51:31 2017


Gurobi 7.0.2 (mac64, Python) logging started Fri Apr 28 12:53:28 2017


Gurobi 7.0.2 (mac64, Python) logging started Fri Apr 28 12:54:48 2017


Gurobi 7.0.2 (mac64, Python) logging started Fri Apr 28 12:59:25 2017


Gurobi 7.0.2 (mac64, Python) logging started Fri Apr 28 12:59:37 2017


Gurobi 7.0.2 (mac64, Python) logging started Fri Apr 28 12:59:51 2017


Gurobi 7.0.2 (mac64, Python) logging started Fri Apr 28 13:05:06 2017


Gurobi 7.0.2 (mac64, Python) logging started Fri Apr 28 13:06:47 2017


Gurobi 7.0.2 (mac64, Python) logging started Fri Apr 28 13:07:53 2017


Gurobi 7.0.2 (mac64, Python) logging started Fri Apr 28 13:10:20 2017


Gurobi 7.0.2 (mac64, Python) logging started Fri Apr 28 13:10:48 2017


Gurobi 7.0.2 (mac64, Python) logging started Fri Apr 28 13:11:32 2017


Gurobi 7.0.2 (mac64, Python) logging started Fri Apr 28 13:46:37 2017


Gurobi 7.0.2 (mac64, Python) logging started Fri Apr 28 13:50:34 2017


Gurobi 7.0.2 (mac64, Python) logging started Fri Apr 28 13:52:56 2017


Gurobi 7.0.2 (mac64, Python) logging started Fri Apr 28 14:11:52 2017


Gurobi 7.0.2 (mac64, Python) logging started Fri Apr 28 14:15:09 2017


Gurobi 7.0.2 (mac64, Python) logging started Fri Apr 28 14:16:22 2017


Gurobi 7.0.2 (mac64, Python) logging started Fri Apr 28 14:29:01 2017


Gurobi 7.0.2 (mac64, Python) logging started Fri Apr 28 14:39:11 2017


Gurobi 7.0.2 (mac64, Python) logging started Fri Apr 28 14:51:26 2017


Gurobi 7.0.2 (mac64, Python) logging started Fri Apr 28 15:03:15 2017


Gurobi 7.0.2 (mac64, Python) logging started Fri Apr 28 15:09:49 2017


Gurobi 7.0.2 (mac64, Python) logging started Fri Apr 28 16:07:09 2017


Gurobi 7.0.2 (mac64, Python) logging started Fri Apr 28 16:08:59 2017


Gurobi 7.0.2 (mac64, Python) logging started Fri Apr 28 16:09:23 2017


Gurobi 7.0.2 (mac64, Python) logging started Fri Apr 28 16:15:52 2017


Gurobi 7.0.2 (mac64, Python) logging started Fri Apr 28 16:17:35 2017


Gurobi 7.0.2 (mac64, Python) logging started Fri Apr 28 16:26:08 2017


Gurobi 7.0.2 (mac64, Python) logging started Fri Apr 28 16:28:42 2017


Gurobi 7.0.2 (mac64, Python) logging started Fri Apr 28 16:29:01 2017


Gurobi 7.0.2 (mac64, Python) logging started Fri Apr 28 16:34:18 2017


Gurobi 7.0.2 (mac64, Python) logging started Fri Apr 28 16:35:01 2017


Gurobi 7.0.2 (mac64, Python) logging started Fri Apr 28 16:54:05 2017


Gurobi 7.0.2 (mac64, Python) logging started Tue May  2 16:53:45 2017


Gurobi 7.0.2 (mac64, Python) logging started Tue May  2 16:54:26 2017


Gurobi 7.0.2 (mac64, Python) logging started Tue May  2 16:57:37 2017


Gurobi 7.0.2 (mac64, Python) logging started Tue May  2 16:58:10 2017


Gurobi 7.0.2 (mac64, Python) logging started Tue May  2 16:58:45 2017


Gurobi 7.0.2 (mac64, Python) logging started Tue May  2 17:45:24 2017


Gurobi 7.0.2 (mac64, Python) logging started Tue May  2 17:45:58 2017


Gurobi 7.0.2 (mac64, Python) logging started Tue May  2 17:48:34 2017


Gurobi 7.0.2 (mac64, Python) logging started Tue May  2 17:49:08 2017


Gurobi 7.0.2 (mac64, Python) logging started Tue May  2 17:49:21 2017


Gurobi 7.0.2 (mac64, Python) logging started Tue May  2 18:07:05 2017


Gurobi 7.0.2 (mac64, Python) logging started Tue May  2 18:35:25 2017


Gurobi 7.0.2 (mac64, Python) logging started Tue May  2 18:36:14 2017


Gurobi 7.0.2 (mac64, Python) logging started Tue May  2 18:37:26 2017


Gurobi 7.0.2 (mac64, Python) logging started Tue May  2 18:44:40 2017


Gurobi 7.0.2 (mac64, Python) logging started Tue May  2 19:19:14 2017


Gurobi 7.0.2 (mac64, Python) logging started Tue May  2 19:20:01 2017


Gurobi 7.0.2 (mac64, Python) logging started Tue May  2 19:21:00 2017


Gurobi 7.0.2 (mac64, Python) logging started Tue May  2 19:44:26 2017


Gurobi 7.0.2 (mac64, Python) logging started Tue May  2 19:45:57 2017


Gurobi 7.0.2 (mac64, Python) logging started Tue May  2 19:48:18 2017


Gurobi 7.0.2 (mac64, Python) logging started Tue May  2 19:50:51 2017


Gurobi 7.0.2 (mac64, Python) logging started Tue May  2 20:04:20 2017


Gurobi 7.0.2 (mac64, Python) logging started Tue May  2 20:19:59 2017


Gurobi 7.0.2 (mac64, Python) logging started Tue May  2 20:26:19 2017


Gurobi 7.0.2 (mac64, Python) logging started Wed May  3 00:55:06 2017


Gurobi 7.0.2 (mac64, Python) logging started Wed May  3 01:32:04 2017


Gurobi 7.0.2 (mac64, Python) logging started Fri May  5 17:08:24 2017


Gurobi 7.0.2 (mac64, Python) logging started Fri May  5 19:53:37 2017


Gurobi 7.0.2 (mac64, Python) logging started Fri May  5 19:54:03 2017


Gurobi 7.0.2 (mac64, Python) logging started Fri May  5 20:01:42 2017


Gurobi 7.0.2 (mac64, Python) logging started Fri May  5 21:39:05 2017


Gurobi 7.0.2 (mac64, Python) logging started Fri May  5 23:31:10 2017


Gurobi 7.0.2 (mac64, Python) logging started Sun May  7 00:14:16 2017


Gurobi 7.0.2 (mac64, Python) logging started Sun May  7 01:52:14 2017


Gurobi 7.0.2 (mac64, Python) logging started Sun May  7 02:11:32 2017


Gurobi 7.0.2 (mac64, Python) logging started Sun May  7 03:08:44 2017


Gurobi 7.0.2 (mac64, Python) logging started Sun May  7 03:09:59 2017


Gurobi 7.0.2 (mac64, Python) logging started Sun May  7 14:39:42 2017


Gurobi 7.0.2 (mac64, Python) logging started Sun May  7 14:43:30 2017


Gurobi 7.0.2 (mac64, Python) logging started Sun May  7 14:50:21 2017


Gurobi 7.0.2 (mac64, Python) logging started Sun May  7 15:20:30 2017


Gurobi 7.0.2 (mac64, Python) logging started Sun May  7 15:20:53 2017


Gurobi 7.0.2 (mac64, Python) logging started Sun May  7 16:08:57 2017


Gurobi 7.0.2 (mac64, Python) logging started Mon May  8 15:56:48 2017


Gurobi 7.0.2 (mac64, Python) logging started Mon May  8 16:00:03 2017


Gurobi 7.0.2 (mac64, Python) logging started Mon May  8 16:02:01 2017


Gurobi 7.0.2 (mac64, Python) logging started Mon May  8 16:03:34 2017


Gurobi 7.0.2 (mac64, Python) logging started Mon May  8 16:04:07 2017


Gurobi 7.0.2 (mac64, Python) logging started Mon May  8 16:13:37 2017


Gurobi 7.0.2 (mac64, Python) logging started Mon May  8 16:16:17 2017


Gurobi 7.0.2 (mac64, Python) logging started Mon May  8 16:55:21 2017


Gurobi 7.0.2 (mac64, Python) logging started Mon May  8 21:22:39 2017


Gurobi 7.0.2 (mac64, Python) logging started Mon May  8 21:24:10 2017


Gurobi 7.0.2 (mac64, Python) logging started Mon May  8 21:30:01 2017


Gurobi 7.0.2 (mac64, Python) logging started Mon May  8 21:35:41 2017


Gurobi 7.0.2 (mac64, Python) logging started Wed May 10 18:27:07 2017


Gurobi 7.0.2 (mac64, Python) logging started Wed May 10 18:28:22 2017


Gurobi 7.0.2 (mac64, Python) logging started Wed May 10 18:36:26 2017


Gurobi 7.0.2 (mac64, Python) logging started Wed May 10 18:37:25 2017


Gurobi 7.0.2 (mac64, Python) logging started Wed May 10 18:40:42 2017


Gurobi 7.0.2 (mac64, Python) logging started Wed May 10 19:48:41 2017


Gurobi 7.0.2 (mac64, Python) logging started Wed May 10 19:49:11 2017


Gurobi 7.0.2 (mac64, Python) logging started Wed May 10 19:52:24 2017


Gurobi 7.0.2 (mac64, Python) logging started Wed May 10 19:56:48 2017


Gurobi 7.0.2 (mac64, Python) logging started Wed May 10 19:57:44 2017


Gurobi 7.0.2 (mac64, Python) logging started Wed May 10 20:00:34 2017


Gurobi 7.0.2 (mac64, Python) logging started Wed May 10 20:01:07 2017


Gurobi 7.0.2 (mac64, Python) logging started Wed May 10 20:02:39 2017


Gurobi 7.0.2 (mac64, Python) logging started Wed May 10 20:04:06 2017


Gurobi 7.0.2 (mac64, Python) logging started Wed May 10 20:04:29 2017


Gurobi 7.0.2 (mac64, Python) logging started Wed May 10 20:04:43 2017


Gurobi 7.0.2 (mac64, Python) logging started Thu May 11 10:58:31 2017


Gurobi 7.0.2 (mac64, Python) logging started Thu May 11 12:32:47 2017


Gurobi 7.0.2 (mac64, Python) logging started Thu May 11 13:48:45 2017


Gurobi 7.0.2 (mac64, Python) logging started Thu May 11 13:51:53 2017


Gurobi 7.0.2 (mac64, Python) logging started Thu May 11 13:52:20 2017


Gurobi 7.0.2 (mac64, Python) logging started Thu May 11 13:53:40 2017


Gurobi 7.0.2 (mac64, Python) logging started Thu May 11 14:13:06 2017


Gurobi 7.0.2 (mac64, Python) logging started Thu May 11 14:13:58 2017


Gurobi 7.0.2 (mac64, Python) logging started Thu May 11 14:14:29 2017


Gurobi 7.0.2 (mac64, Python) logging started Thu May 11 14:16:00 2017


Gurobi 7.0.2 (mac64, Python) logging started Thu May 11 14:16:21 2017


Gurobi 7.0.2 (mac64, Python) logging started Thu May 11 14:17:18 2017


Gurobi 7.0.2 (mac64, Python) logging started Thu May 11 14:18:28 2017


Gurobi 7.0.2 (mac64, Python) logging started Thu May 11 14:19:26 2017


Gurobi 7.0.2 (mac64, Python) logging started Thu May 11 14:19:54 2017


Gurobi 7.0.2 (mac64, Python) logging started Thu May 11 14:20:11 2017


Gurobi 7.0.2 (mac64, Python) logging started Thu May 11 14:20:28 2017


Gurobi 7.0.2 (mac64, Python) logging started Thu May 11 14:20:47 2017


Gurobi 7.0.2 (mac64, Python) logging started Thu May 11 14:22:02 2017


Gurobi 7.0.2 (mac64, Python) logging started Thu May 11 14:26:28 2017


Gurobi 7.0.2 (mac64, Python) logging started Thu May 11 15:23:26 2017


Gurobi 7.0.2 (mac64, Python) logging started Thu May 11 15:30:15 2017


Gurobi 7.0.2 (mac64, Python) logging started Thu May 11 15:30:35 2017


Gurobi 7.0.2 (mac64, Python) logging started Thu May 11 15:35:52 2017


Gurobi 7.0.2 (mac64, Python) logging started Thu May 11 16:07:00 2017


Gurobi 7.0.2 (mac64, Python) logging started Thu May 11 16:14:12 2017


Gurobi 7.0.2 (mac64, Python) logging started Thu May 11 16:15:00 2017


Gurobi 7.0.2 (mac64, Python) logging started Thu May 11 16:16:15 2017


Gurobi 7.0.2 (mac64, Python) logging started Thu May 11 16:28:36 2017


Gurobi 7.0.2 (mac64, Python) logging started Thu May 11 16:33:12 2017


Gurobi 7.0.2 (mac64, Python) logging started Thu May 11 16:34:45 2017


Gurobi 7.0.2 (mac64, Python) logging started Thu May 11 16:36:01 2017


Gurobi 7.0.2 (mac64, Python) logging started Thu May 11 16:37:15 2017


Gurobi 7.0.2 (mac64, Python) logging started Thu May 11 16:38:03 2017


Gurobi 7.0.2 (mac64, Python) logging started Thu May 11 16:45:32 2017


Gurobi 7.0.2 (mac64, Python) logging started Fri May 12 15:47:20 2017


Gurobi 7.0.2 (mac64, Python) logging started Fri May 12 16:00:12 2017


Gurobi 7.0.2 (mac64, Python) logging started Fri May 12 16:07:41 2017


Gurobi 7.0.2 (mac64, Python) logging started Fri May 12 16:08:05 2017


Gurobi 7.0.2 (mac64, Python) logging started Fri May 19 08:52:36 2017


Gurobi 7.0.2 (mac64, Python) logging started Fri May 19 09:00:45 2017


Gurobi 7.0.2 (mac64, Python) logging started Fri May 19 09:08:15 2017


Gurobi 7.0.2 (mac64, Python) logging started Fri May 19 09:09:49 2017


Gurobi 7.0.2 (mac64, Python) logging started Fri May 19 09:26:12 2017


Gurobi 7.0.2 (mac64, Python) logging started Fri May 19 09:42:51 2017


Gurobi 7.0.2 (mac64, Python) logging started Fri May 19 09:43:39 2017


Gurobi 7.0.2 (mac64, Python) logging started Fri May 19 10:32:47 2017


Gurobi 7.0.2 (mac64, Python) logging started Fri May 19 10:34:14 2017


Gurobi 7.0.2 (mac64, Python) logging started Fri May 19 10:36:27 2017


Gurobi 7.0.2 (mac64, Python) logging started Fri May 19 10:40:08 2017


Gurobi 7.0.2 (mac64, Python) logging started Fri May 19 10:41:00 2017


Gurobi 7.0.2 (mac64, Python) logging started Fri May 19 10:44:04 2017


Gurobi 7.0.2 (mac64, Python) logging started Fri May 19 10:44:54 2017


Gurobi 7.0.2 (mac64, Python) logging started Fri May 19 11:05:26 2017


Gurobi 7.0.2 (mac64, Python) logging started Fri May 19 11:05:51 2017


Gurobi 7.0.2 (mac64, Python) logging started Fri May 19 11:07:23 2017


Gurobi 7.0.2 (mac64, Python) logging started Fri May 19 11:08:54 2017


Gurobi 7.0.2 (mac64, Python) logging started Fri May 19 11:09:39 2017


Gurobi 7.0.2 (mac64, Python) logging started Fri May 19 11:17:06 2017


Gurobi 7.0.2 (mac64, Python) logging started Fri May 19 11:18:03 2017


Gurobi 7.0.2 (mac64, Python) logging started Fri May 19 11:19:12 2017


Gurobi 7.0.2 (mac64, Python) logging started Fri May 19 11:19:48 2017


Gurobi 7.0.2 (mac64, Python) logging started Fri May 19 11:22:58 2017


Gurobi 7.0.2 (mac64, Python) logging started Fri May 19 11:23:15 2017


Gurobi 7.0.2 (mac64, Python) logging started Fri May 19 11:32:05 2017


Gurobi 7.0.2 (mac64, Python) logging started Fri May 19 13:05:54 2017


Gurobi 7.0.2 (mac64, Python) logging started Fri May 19 13:06:12 2017


Gurobi 7.0.2 (mac64, Python) logging started Fri May 19 13:06:58 2017


Gurobi 7.0.2 (mac64, Python) logging started Fri May 19 13:08:26 2017


Gurobi 7.0.2 (mac64, Python) logging started Fri May 19 13:29:10 2017


Gurobi 7.0.2 (mac64, Python) logging started Fri May 19 13:29:25 2017


Gurobi 7.0.2 (mac64, Python) logging started Fri May 19 13:30:55 2017


Gurobi 7.0.2 (mac64, Python) logging started Fri May 19 13:36:13 2017


Gurobi 7.0.2 (mac64, Python) logging started Fri May 19 13:36:44 2017


Gurobi 7.0.2 (mac64, Python) logging started Fri May 19 13:40:27 2017


Gurobi 7.0.2 (mac64, Python) logging started Fri May 19 13:41:43 2017


Gurobi 7.0.2 (mac64, Python) logging started Fri May 19 13:43:00 2017


Gurobi 7.0.2 (mac64, Python) logging started Fri May 19 13:43:36 2017


Gurobi 7.0.2 (mac64, Python) logging started Fri May 19 13:44:48 2017


Gurobi 7.0.2 (mac64, Python) logging started Fri May 19 13:45:22 2017


Gurobi 7.0.2 (mac64, Python) logging started Fri May 19 13:50:10 2017


Gurobi 7.0.2 (mac64, Python) logging started Fri May 19 14:56:30 2017


Gurobi 7.0.2 (mac64, Python) logging started Tue May 23 15:34:39 2017


Gurobi 7.0.2 (mac64, Python) logging started Tue May 23 15:48:36 2017


Gurobi 7.0.2 (mac64, Python) logging started Tue May 23 15:57:43 2017


Gurobi 7.0.2 (mac64, Python) logging started Tue May 23 15:59:46 2017


Gurobi 7.0.2 (mac64, Python) logging started Tue May 23 16:00:15 2017


Gurobi 7.0.2 (mac64, Python) logging started Tue May 23 16:00:23 2017


Gurobi 7.0.2 (mac64, Python) logging started Tue May 23 16:00:35 2017


Gurobi 7.0.2 (mac64, Python) logging started Tue May 23 16:07:24 2017


Gurobi 7.0.2 (mac64, Python) logging started Tue May 23 16:08:30 2017


Gurobi 7.0.2 (mac64, Python) logging started Tue May 23 16:09:29 2017


Gurobi 7.0.2 (mac64, Python) logging started Tue May 23 18:15:56 2017


Gurobi 7.0.2 (mac64, Python) logging started Tue May 23 18:16:29 2017


Gurobi 7.0.2 (mac64, Python) logging started Tue May 23 18:40:41 2017


Gurobi 7.0.2 (mac64, Python) logging started Tue May 23 19:18:29 2017


Gurobi 7.0.2 (mac64, Python) logging started Tue May 23 19:18:53 2017


Gurobi 7.0.2 (mac64, Python) logging started Tue May 23 19:19:18 2017


Gurobi 7.0.2 (mac64, Python) logging started Tue May 23 19:19:34 2017


Gurobi 7.0.2 (mac64, Python) logging started Tue May 23 19:22:23 2017


Gurobi 7.0.2 (mac64, Python) logging started Tue May 23 19:24:23 2017


Gurobi 7.0.2 (mac64, Python) logging started Tue May 23 19:25:13 2017


Gurobi 7.0.2 (mac64, Python) logging started Tue May 23 19:26:23 2017


Gurobi 7.0.2 (mac64, Python) logging started Tue May 23 19:29:51 2017


Gurobi 7.0.2 (mac64, Python) logging started Tue May 23 19:30:26 2017


Gurobi 7.0.2 (mac64, Python) logging started Tue May 23 19:30:50 2017


Gurobi 7.0.2 (mac64, Python) logging started Tue May 23 19:31:01 2017


Gurobi 7.0.2 (mac64, Python) logging started Tue May 23 19:31:30 2017


Gurobi 7.0.2 (mac64, Python) logging started Tue May 23 19:32:08 2017


Gurobi 7.0.2 (mac64, Python) logging started Tue May 23 19:33:03 2017


Gurobi 7.0.2 (mac64, Python) logging started Tue May 23 19:33:36 2017


Gurobi 7.0.2 (mac64, Python) logging started Tue May 23 19:45:57 2017


Gurobi 7.0.2 (mac64, Python) logging started Tue May 23 19:46:21 2017


Gurobi 7.0.2 (mac64, Python) logging started Wed May 24 14:18:00 2017


Gurobi 7.0.2 (mac64, Python) logging started Wed May 24 14:20:06 2017


Gurobi 7.0.2 (mac64, Python) logging started Wed May 24 14:26:53 2017


Gurobi 7.0.2 (mac64, Python) logging started Wed May 24 14:31:00 2017


Gurobi 7.0.2 (mac64, Python) logging started Wed May 24 14:33:32 2017


Gurobi 7.0.2 (mac64, Python) logging started Wed May 24 14:34:34 2017


Gurobi 7.0.2 (mac64, Python) logging started Wed May 24 14:37:12 2017


Gurobi 7.0.2 (mac64, Python) logging started Wed May 24 14:37:32 2017


Gurobi 7.0.2 (mac64, Python) logging started Wed May 24 14:43:48 2017


Gurobi 7.0.2 (mac64, Python) logging started Wed May 24 14:54:03 2017


Gurobi 7.0.2 (mac64, Python) logging started Wed May 24 14:54:54 2017


Gurobi 7.0.2 (mac64, Python) logging started Wed May 24 14:56:12 2017


Gurobi 7.0.2 (mac64, Python) logging started Wed May 24 15:15:11 2017


Gurobi 7.0.2 (mac64, Python) logging started Wed May 24 15:50:23 2017


Gurobi 7.0.2 (mac64, Python) logging started Wed May 24 16:41:07 2017


Gurobi 7.0.2 (mac64, Python) logging started Wed May 24 16:43:14 2017


Gurobi 7.0.2 (mac64, Python) logging started Wed May 24 16:44:16 2017


Gurobi 7.0.2 (mac64, Python) logging started Wed May 24 17:15:53 2017


Gurobi 7.0.2 (mac64, Python) logging started Wed May 24 17:55:13 2017


Gurobi 7.0.2 (mac64, Python) logging started Wed May 24 18:02:48 2017


Gurobi 7.0.2 (mac64, Python) logging started Wed May 24 18:05:22 2017


Gurobi 7.0.2 (mac64, Python) logging started Wed May 24 18:13:48 2017


Gurobi 7.0.2 (mac64, Python) logging started Wed May 24 18:14:02 2017


Gurobi 7.0.2 (mac64, Python) logging started Wed May 24 18:14:16 2017


Gurobi 7.0.2 (mac64, Python) logging started Wed May 24 18:14:31 2017


Gurobi 7.0.2 (mac64, Python) logging started Wed May 24 18:15:45 2017


Gurobi 7.0.2 (mac64, Python) logging started Wed May 24 18:16:00 2017


Gurobi 7.0.2 (mac64, Python) logging started Wed May 24 19:08:05 2017


Gurobi 7.0.2 (mac64, Python) logging started Wed May 24 19:20:30 2017


Gurobi 7.0.2 (mac64, Python) logging started Wed May 24 19:21:51 2017


Gurobi 7.0.2 (mac64, Python) logging started Wed May 24 19:22:19 2017


Gurobi 7.0.2 (mac64, Python) logging started Wed May 24 19:24:11 2017


Gurobi 7.0.2 (mac64, Python) logging started Wed May 24 19:25:37 2017


Gurobi 7.0.2 (mac64, Python) logging started Wed May 24 19:26:32 2017


Gurobi 7.0.2 (mac64, Python) logging started Wed May 24 19:30:09 2017


Gurobi 7.0.2 (mac64, Python) logging started Wed May 24 19:31:08 2017


Gurobi 7.0.2 (mac64, Python) logging started Wed May 24 19:32:38 2017

